2026.04.23 11:44:49 INFO  Started: Metals version 1.6.7 in folders 'C:\Users\Felicia\Coding\Telematic programming\practica3' for client Visual Studio Code 1.116.0.
2026.04.23 11:44:49 INFO  Memory monitor started
2026.04.23 11:44:50 WARN  Using H2 2.4.240 which is newer than the version Flyway has been verified with. The latest verified version of H2 is 2.3.232.
2026.04.23 11:44:50 INFO  no build target found for C:\Users\Felicia\Coding\Telematic programming\practica3\practica3\src\main\java\com\example\practica3\Practica3Application.java. Using fallback presentation compiler.
2026.04.23 11:44:52 INFO  no build target found for C:\Users\Felicia\Coding\Telematic programming\practica3\practica3\src\main\java\com\example\practica3\Practica3Application.java. Using fallback presentation compiler.
2026.04.23 12:35:51 INFO  no build target found for C:\Users\Felicia\Coding\Telematic programming\practica3\practica3\src\main\java\com\example\practica3\Practica3Application.java. Using fallback presentation compiler.
2026.04.23 12:35:51 INFO  no build target found for C:\Users\Felicia\Coding\Telematic programming\practica3\practica3\src\main\java\com\example\practica3\servicio\CarritoServicio.java. Using fallback presentation compiler.
2026.04.23 12:35:52 INFO  no build target found for C:\Users\Felicia\Coding\Telematic programming\practica3\practica3\src\main\java\com\example\practica3\servicio\CarritoServicio.java. Using fallback presentation compiler.
apr. 23, 2026 12:35:52 EM org.eclipse.lsp4j.jsonrpc.RemoteEndpoint handleCancellation
WARNING: Unmatched cancel notification for request id 9
2026.04.23 12:35:51 INFO  no build target found for C:\Users\Felicia\Coding\Telematic programming\practica3\practica3\src\main\java\com\example\practica3\servicio\CarritoServicio.java. Using fallback presentation compiler.
2026.04.23 12:35:53 INFO  no build target found for C:\Users\Felicia\Coding\Telematic programming\practica3\practica3\src\main\java\com\example\practica3\servicio\CarritoServicio.java. Using fallback presentation compiler.
2026.04.23 12:35:53 INFO  no build target found for C:\Users\Felicia\Coding\Telematic programming\practica3\practica3\src\main\java\com\example\practica3\servicio\CarritoServicio.java. Using fallback presentation compiler.
2026.04.23 12:35:53 INFO  no build target found for C:\Users\Felicia\Coding\Telematic programming\practica3\practica3\src\main\java\com\example\practica3\servicio\CarritoServicio.java. Using fallback presentation compiler.
2026.04.23 12:35:57 INFO  no build target found for C:\Users\Felicia\Coding\Telematic programming\practica3\practica3\src\main\java\com\example\practica3\entity\Carrito.java. Using fallback presentation compiler.
2026.04.23 12:35:57 WARN  no build target for: C:\Users\Felicia\Coding\Telematic programming\practica3\practica3\src\main\java\com\example\practica3\entity\Carrito.java
apr. 23, 2026 12:35:57 EM org.eclipse.lsp4j.jsonrpc.RemoteEndpoint handleCancellation
WARNING: Unmatched cancel notification for request id 22
2026.04.23 12:35:57 INFO  no build target found for C:\Users\Felicia\Coding\Telematic programming\practica3\practica3\src\main\java\com\example\practica3\entity\Carrito.java. Using fallback presentation compiler.
2026.04.23 12:35:57 INFO  no build target found for C:\Users\Felicia\Coding\Telematic programming\practica3\practica3\src\main\java\com\example\practica3\entity\Carrito.java. Using fallback presentation compiler.
2026.04.23 12:35:59 INFO  no build target found for C:\Users\Felicia\Coding\Telematic programming\practica3\practica3\src\main\java\com\example\practica3\entity\Carrito.java. Using fallback presentation compiler.
2026.04.23 12:35:59 INFO  no build target found for C:\Users\Felicia\Coding\Telematic programming\practica3\practica3\src\main\java\com\example\practica3\entity\Carrito.java. Using fallback presentation compiler.
2026.04.23 12:35:59 INFO  no build target found for C:\Users\Felicia\Coding\Telematic programming\practica3\practica3\src\main\java\com\example\practica3\entity\Carrito.java. Using fallback presentation compiler.
2026.04.23 12:36:42 INFO  no build target found for C:\Users\Felicia\Coding\Telematic programming\practica3\practica3\src\main\java\com\example\practica3\entity\Carrito.java. Using fallback presentation compiler.
2026.04.23 12:36:45 INFO  no build target found for C:\Users\Felicia\Coding\Telematic programming\practica3\practica3\src\main\java\com\example\practica3\entity\CarritoLinea.java. Using fallback presentation compiler.
2026.04.23 12:36:45 WARN  no build target for: C:\Users\Felicia\Coding\Telematic programming\practica3\practica3\src\main\java\com\example\practica3\entity\CarritoLinea.java
apr. 23, 2026 12:36:45 EM org.eclipse.lsp4j.jsonrpc.RemoteEndpoint handleCancellation
WARNING: Unmatched cancel notification for request id 41
2026.04.23 12:36:45 INFO  no build target found for C:\Users\Felicia\Coding\Telematic programming\practica3\practica3\src\main\java\com\example\practica3\entity\CarritoLinea.java. Using fallback presentation compiler.
2026.04.23 12:36:45 INFO  no build target found for C:\Users\Felicia\Coding\Telematic programming\practica3\practica3\src\main\java\com\example\practica3\entity\CarritoLinea.java. Using fallback presentation compiler.
2026.04.23 12:36:46 INFO  no build target found for C:\Users\Felicia\Coding\Telematic programming\practica3\practica3\src\main\java\com\example\practica3\repositorio\CarritoLineaRepo.java. Using fallback presentation compiler.
2026.04.23 12:36:47 WARN  no build target for: C:\Users\Felicia\Coding\Telematic programming\practica3\practica3\src\main\java\com\example\practica3\repositorio\CarritoLineaRepo.java
2026.04.23 12:36:46 INFO  no build target found for C:\Users\Felicia\Coding\Telematic programming\practica3\practica3\src\main\java\com\example\practica3\repositorio\CarritoLineaRepo.java. Using fallback presentation compiler.
2026.04.23 12:36:47 INFO  no build target found for C:\Users\Felicia\Coding\Telematic programming\practica3\practica3\src\main\java\com\example\practica3\repositorio\CarritoLineaRepo.java. Using fallback presentation compiler.
2026.04.23 12:36:48 INFO  no build target found for C:\Users\Felicia\Coding\Telematic programming\practica3\practica3\src\main\java\com\example\practica3\repositorio\CarritoRepo.java. Using fallback presentation compiler.
2026.04.23 12:36:48 WARN  no build target for: C:\Users\Felicia\Coding\Telematic programming\practica3\practica3\src\main\java\com\example\practica3\repositorio\CarritoRepo.java
2026.04.23 12:36:48 INFO  no build target found for C:\Users\Felicia\Coding\Telematic programming\practica3\practica3\src\main\java\com\example\practica3\repositorio\CarritoRepo.java. Using fallback presentation compiler.
2026.04.23 12:36:48 INFO  no build target found for C:\Users\Felicia\Coding\Telematic programming\practica3\practica3\src\main\java\com\example\practica3\repositorio\CarritoRepo.java. Using fallback presentation compiler.
2026.04.23 12:36:51 INFO  no build target found for C:\Users\Felicia\Coding\Telematic programming\practica3\practica3\src\main\java\com\example\practica3\servicio\CarritoServicio.java. Using fallback presentation compiler.
2026.04.23 12:36:51 WARN  no build target for: C:\Users\Felicia\Coding\Telematic programming\practica3\practica3\src\main\java\com\example\practica3\servicio\CarritoServicio.java
2026.04.23 12:36:51 INFO  no build target found for C:\Users\Felicia\Coding\Telematic programming\practica3\practica3\src\main\java\com\example\practica3\servicio\CarritoServicio.java. Using fallback presentation compiler.
2026.04.23 12:36:51 INFO  no build target found for C:\Users\Felicia\Coding\Telematic programming\practica3\practica3\src\main\java\com\example\practica3\servicio\CarritoServicio.java. Using fallback presentation compiler.
apr. 23, 2026 12:36:51 EM org.eclipse.lsp4j.jsonrpc.RemoteEndpoint handleCancellation
WARNING: Unmatched cancel notification for request id 66
2026.04.23 12:36:51 INFO  no build target found for C:\Users\Felicia\Coding\Telematic programming\practica3\practica3\src\main\java\com\example\practica3\servicio\CarritoServicio.java. Using fallback presentation compiler.
2026.04.23 12:36:53 INFO  no build target found for C:\Users\Felicia\Coding\Telematic programming\practica3\practica3\src\main\java\com\example\practica3\servicio\CarritoServicio.java. Using fallback presentation compiler.
2026.04.23 12:38:40 INFO  no build target found for C:\Users\Felicia\Coding\Telematic programming\practica3\practica3\src\main\java\com\example\practica3\servicio\CarritoServicio.java. Using fallback presentation compiler.
2026.04.23 12:38:42 INFO  no build target found for C:\Users\Felicia\Coding\Telematic programming\practica3\practica3\src\main\java\com\example\practica3\servicio\CarritoServicio.java. Using fallback presentation compiler.
2026.04.23 12:38:42 INFO  no build target found for C:\Users\Felicia\Coding\Telematic programming\practica3\practica3\src\main\java\com\example\practica3\controlador\ControladorCarrito.java. Using fallback presentation compiler.
apr. 23, 2026 12:38:42 EM org.eclipse.lsp4j.jsonrpc.RemoteEndpoint handleCancellation
WARNING: Unmatched cancel notification for request id 75
2026.04.23 12:38:42 INFO  no build target found for C:\Users\Felicia\Coding\Telematic programming\practica3\practica3\src\main\java\com\example\practica3\controlador\ControladorCarrito.java. Using fallback presentation compiler.
2026.04.23 12:38:42 INFO  no build target found for C:\Users\Felicia\Coding\Telematic programming\practica3\practica3\src\main\java\com\example\practica3\controlador\ControladorCarrito.java. Using fallback presentation compiler.
2026.04.23 12:38:42 INFO  no build target found for C:\Users\Felicia\Coding\Telematic programming\practica3\practica3\src\main\java\com\example\practica3\controlador\ControladorCarrito.java. Using fallback presentation compiler.
apr. 23, 2026 12:38:43 EM org.eclipse.lsp4j.jsonrpc.RemoteEndpoint handleCancellation
WARNING: Unmatched cancel notification for request id 76
2026.04.23 12:38:43 INFO  no build target found for C:\Users\Felicia\Coding\Telematic programming\practica3\practica3\src\main\java\com\example\practica3\controlador\ControladorCarrito.java. Using fallback presentation compiler.
2026.04.23 12:38:43 INFO  no build target found for C:\Users\Felicia\Coding\Telematic programming\practica3\practica3\src\main\java\com\example\practica3\controlador\ControladorCarrito.java. Using fallback presentation compiler.
2026.04.23 12:38:43 INFO  no build target found for C:\Users\Felicia\Coding\Telematic programming\practica3\practica3\src\main\java\com\example\practica3\controlador\ControladorCarrito.java. Using fallback presentation compiler.
2026.04.23 12:39:56 INFO  no build target found for C:\Users\Felicia\Coding\Telematic programming\practica3\practica3\src\main\java\com\example\practica3\controlador\ControladorCarrito.java. Using fallback presentation compiler.
2026.04.23 12:39:56 INFO  no build target found for C:\Users\Felicia\Coding\Telematic programming\practica3\practica3\src\main\java\com\example\practica3\controlador\ControladorCarrito.java. Using fallback presentation compiler.
2026.04.23 12:39:56 INFO  no build target found for C:\Users\Felicia\Coding\Telematic programming\practica3\practica3\src\main\java\com\example\practica3\controlador\ControladorCarrito.java. Using fallback presentation compiler.
2026.04.23 12:40:50 INFO  no build target found for C:\Users\Felicia\Coding\Telematic programming\practica3\practica3\src\main\java\com\example\practica3\controlador\ControladorCarrito.java. Using fallback presentation compiler.
2026.04.23 12:49:38 INFO  no build target found for C:\Users\Felicia\Coding\Telematic programming\practica3\practica3\src\main\java\com\example\practica3\controlador\ControladorCarrito.java. Using fallback presentation compiler.
2026.04.23 12:49:38 WARN  no build target for: C:\Users\Felicia\Coding\Telematic programming\practica3\practica3\src\main\java\com\example\practica3\controlador\ControladorCarrito.java
apr. 23, 2026 12:49:38 EM org.eclipse.lsp4j.jsonrpc.RemoteEndpoint handleCancellation
WARNING: Unmatched cancel notification for request id 94
2026.04.23 12:49:38 INFO  no build target found for C:\Users\Felicia\Coding\Telematic programming\practica3\practica3\src\main\java\com\example\practica3\controlador\ControladorCarrito.java. Using fallback presentation compiler.
2026.04.23 12:49:38 INFO  no build target found for C:\Users\Felicia\Coding\Telematic programming\practica3\practica3\src\main\java\com\example\practica3\controlador\ControladorCarrito.java. Using fallback presentation compiler.
2026.04.23 12:49:39 INFO  no build target found for C:\Users\Felicia\Coding\Telematic programming\practica3\practica3\src\main\java\com\example\practica3\controlador\ControladorCarrito.java. Using fallback presentation compiler.
2026.04.23 12:49:42 INFO  no build target found for C:\Users\Felicia\Coding\Telematic programming\practica3\practica3\src\main\java\com\example\practica3\controlador\ControladorCarrito.java. Using fallback presentation compiler.
2026.04.23 12:49:47 INFO  no build target found for C:\Users\Felicia\Coding\Telematic programming\practica3\practica3\src\main\java\com\example\practica3\controlador\ControladorCarrito.java. Using fallback presentation compiler.
apr. 23, 2026 12:49:52 EM org.eclipse.lsp4j.jsonrpc.services.GenericEndpoint notify
INFO: Unsupported notification method: $/setTrace
2026.04.23 12:49:52 INFO  no build target found for C:\Users\Felicia\Coding\Telematic programming\practica3\practica3\src\main\java\com\example\practica3\controlador\ControladorCarrito.java. Using fallback presentation compiler.
apr. 23, 2026 12:50:03 EM org.eclipse.lsp4j.jsonrpc.services.GenericEndpoint notify
INFO: Unsupported notification method: $/setTrace
2026.04.23 12:50:03 INFO  no build target found for C:\Users\Felicia\Coding\Telematic programming\practica3\practica3\src\main\java\com\example\practica3\controlador\ControladorCarrito.java. Using fallback presentation compiler.
2026.04.23 12:51:34 INFO  no build target found for C:\Users\Felicia\Coding\Telematic programming\practica3\practica3\src\main\java\com\example\practica3\controlador\ControladorCarrito.java. Using fallback presentation compiler.
2026.04.23 12:51:50 INFO  no build target found for C:\Users\Felicia\Coding\Telematic programming\practica3\practica3\src\main\java\com\example\practica3\Practica3Application.java. Using fallback presentation compiler.
2026.04.23 12:51:50 INFO  no build target found for C:\Users\Felicia\Coding\Telematic programming\practica3\practica3\src\main\java\com\example\practica3\Practica3Application.java. Using fallback presentation compiler.
2026.04.23 12:51:50 INFO  no build target found for C:\Users\Felicia\Coding\Telematic programming\practica3\practica3\src\main\java\com\example\practica3\Practica3Application.java. Using fallback presentation compiler.
2026.04.23 12:53:31 INFO  no build target found for C:\Users\Felicia\Coding\Telematic programming\practica3\practica3\src\main\java\com\example\practica3\Practica3Application.java. Using fallback presentation compiler.
2026.04.23 12:56:52 INFO  no build target found for C:\Users\Felicia\Coding\Telematic programming\practica3\practica3\src\main\java\com\example\practica3\Practica3Application.java. Using fallback presentation compiler.
2026.04.23 12:56:52 WARN  no build target for: C:\Users\Felicia\Coding\Telematic programming\practica3\practica3\src\main\java\com\example\practica3\Practica3Application.java
2026.04.23 12:56:52 INFO  no build target found for C:\Users\Felicia\Coding\Telematic programming\practica3\practica3\src\main\java\com\example\practica3\Practica3Application.java. Using fallback presentation compiler.
2026.04.23 12:56:52 INFO  no build target found for C:\Users\Felicia\Coding\Telematic programming\practica3\practica3\src\main\java\com\example\practica3\Practica3Application.java. Using fallback presentation compiler.
2026.04.23 12:57:08 INFO  no build target found for C:\Users\Felicia\Coding\Telematic programming\practica3\practica3\src\main\java\com\example\practica3\Practica3Application.java. Using fallback presentation compiler.
2026.04.23 13:03:52 INFO  no build target found for C:\Users\Felicia\Coding\Telematic programming\practica3\practica3\src\main\java\com\example\practica3\controlador\ControladorCarrito.java. Using fallback presentation compiler.
2026.04.23 13:03:52 WARN  no build target for: C:\Users\Felicia\Coding\Telematic programming\practica3\practica3\src\main\java\com\example\practica3\controlador\ControladorCarrito.java
apr. 23, 2026 1:03:52 EM org.eclipse.lsp4j.jsonrpc.RemoteEndpoint handleCancellation
WARNING: Unmatched cancel notification for request id 135
2026.04.23 13:03:52 INFO  no build target found for C:\Users\Felicia\Coding\Telematic programming\practica3\practica3\src\main\java\com\example\practica3\controlador\ControladorCarrito.java. Using fallback presentation compiler.
apr. 23, 2026 1:03:52 EM org.eclipse.lsp4j.jsonrpc.RemoteEndpoint handleCancellation
WARNING: Unmatched cancel notification for request id 136
2026.04.23 13:03:52 INFO  no build target found for C:\Users\Felicia\Coding\Telematic programming\practica3\practica3\src\main\java\com\example\practica3\controlador\ControladorCarrito.java. Using fallback presentation compiler.
2026.04.23 13:03:52 INFO  no build target found for C:\Users\Felicia\Coding\Telematic programming\practica3\practica3\src\main\java\com\example\practica3\controlador\ControladorCarrito.java. Using fallback presentation compiler.
2026.04.23 13:03:52 INFO  no build target found for C:\Users\Felicia\Coding\Telematic programming\practica3\practica3\src\main\java\com\example\practica3\controlador\ControladorCarrito.java. Using fallback presentation compiler.
apr. 23, 2026 1:03:53 EM org.eclipse.lsp4j.jsonrpc.RemoteEndpoint handleCancellation
WARNING: Unmatched cancel notification for request id 142
2026.04.23 13:03:53 INFO  no build target found for C:\Users\Felicia\Coding\Telematic programming\practica3\practica3\src\main\java\com\example\practica3\controlador\ControladorCarrito.java. Using fallback presentation compiler.
2026.04.23 13:03:54 INFO  no build target found for C:\Users\Felicia\Coding\Telematic programming\practica3\practica3\src\main\java\com\example\practica3\controlador\ControladorCarrito.java. Using fallback presentation compiler.
2026.04.23 13:03:55 INFO  no build target found for C:\Users\Felicia\Coding\Telematic programming\practica3\practica3\src\main\java\com\example\practica3\controlador\ControladorCarrito.java. Using fallback presentation compiler.
2026.04.23 13:03:54 INFO  no build target found for C:\Users\Felicia\Coding\Telematic programming\practica3\practica3\src\main\java\com\example\practica3\controlador\ControladorCarrito.java. Using fallback presentation compiler.
2026.04.23 13:03:54 INFO  no build target found for C:\Users\Felicia\Coding\Telematic programming\practica3\practica3\src\main\java\com\example\practica3\controlador\ControladorCarrito.java. Using fallback presentation compiler.
2026.04.23 13:03:55 INFO  no build target found for C:\Users\Felicia\Coding\Telematic programming\practica3\practica3\src\main\java\com\example\practica3\controlador\ControladorCarrito.java. Using fallback presentation compiler.
2026.04.23 13:03:56 WARN  no build target for: C:\Users\Felicia\Coding\Telematic programming\practica3\practica3\src\main\java\com\example\practica3\controlador\ControladorCarrito.java
2026.04.23 13:03:56 INFO  no build target found for C:\Users\Felicia\Coding\Telematic programming\practica3\practica3\src\main\java\com\example\practica3\controlador\ControladorCarrito.java. Using fallback presentation compiler.
2026.04.23 13:03:56 WARN  Running javac-semanticdb failed for file:///C:/Users/Felicia/Coding/Telematic%20programming/practica3/practica3/src/main/java/com/example/practica3/controlador/ControladorCarrito.java. Output:

2026.04.23 13:04:13 INFO  no build target found for C:\Users\Felicia\Coding\Telematic programming\practica3\practica3\src\main\java\com\example\practica3\controlador\ControladorCarrito.java. Using fallback presentation compiler.
2026.04.23 13:04:13 INFO  Created report: Optional[file:///C:/Users/Felicia/Coding/Telematic%20programming/practica3/practica3/src/main/java/com/example/practica3/controlador/ControladorCarrito.java]
2026.04.23 13:04:13 INFO  empty definition using pc, found symbol in pc: _empty_/CarritoLinea#setCarrito# (full report at: "C:\Users\Felicia\Coding\Telematic programming\practica3\.metals\.reports\metals-full\2026-04-23\r_empty-definition_13-04-13-294.md")
2026.04.23 13:04:15 INFO  no build target found for C:\Users\Felicia\Coding\Telematic programming\practica3\practica3\src\main\java\com\example\practica3\controlador\ControladorCarrito.java. Using fallback presentation compiler.
2026.04.23 13:04:21 INFO  no build target found for C:\Users\Felicia\Coding\Telematic programming\practica3\practica3\src\main\java\com\example\practica3\controlador\ControladorCarrito.java. Using fallback presentation compiler.
2026.04.23 13:04:28 INFO  no build target found for C:\Users\Felicia\Coding\Telematic programming\practica3\practica3\src\main\java\com\example\practica3\Practica3Application.java. Using fallback presentation compiler.
2026.04.23 13:04:28 WARN  no build target for: C:\Users\Felicia\Coding\Telematic programming\practica3\practica3\src\main\java\com\example\practica3\Practica3Application.java
2026.04.23 13:04:28 INFO  no build target found for C:\Users\Felicia\Coding\Telematic programming\practica3\practica3\src\main\java\com\example\practica3\Practica3Application.java. Using fallback presentation compiler.
2026.04.23 13:04:28 INFO  no build target found for C:\Users\Felicia\Coding\Telematic programming\practica3\practica3\src\main\java\com\example\practica3\Practica3Application.java. Using fallback presentation compiler.
2026.04.23 13:04:46 INFO  no build target found for C:\Users\Felicia\Coding\Telematic programming\practica3\practica3\src\main\java\com\example\practica3\Practica3Application.java. Using fallback presentation compiler.
2026.04.23 13:07:26 INFO  no build target found for C:\Users\Felicia\Coding\Telematic programming\practica3\practica3\src\main\java\com\example\practica3\entity\CarritoLinea.java. Using fallback presentation compiler.
2026.04.23 13:07:26 WARN  no build target for: C:\Users\Felicia\Coding\Telematic programming\practica3\practica3\src\main\java\com\example\practica3\entity\CarritoLinea.java
2026.04.23 13:07:26 INFO  no build target found for C:\Users\Felicia\Coding\Telematic programming\practica3\practica3\src\main\java\com\example\practica3\entity\CarritoLinea.java. Using fallback presentation compiler.
2026.04.23 13:07:26 INFO  no build target found for C:\Users\Felicia\Coding\Telematic programming\practica3\practica3\src\main\java\com\example\practica3\entity\CarritoLinea.java. Using fallback presentation compiler.
2026.04.23 13:07:31 INFO  no build target found for C:\Users\Felicia\Coding\Telematic programming\practica3\practica3\src\main\java\com\example\practica3\entity\CarritoLinea.java. Using fallback presentation compiler.
2026.04.23 13:07:51 INFO  no build target found for C:\Users\Felicia\Coding\Telematic programming\practica3\practica3\src\main\java\com\example\practica3\entity\CarritoLinea.java. Using fallback presentation compiler.
2026.04.23 13:07:53 INFO  no build target found for C:\Users\Felicia\Coding\Telematic programming\practica3\practica3\src\main\java\com\example\practica3\entity\CarritoLinea.java. Using fallback presentation compiler.
2026.04.23 13:07:53 INFO  no build target found for C:\Users\Felicia\Coding\Telematic programming\practica3\practica3\src\main\java\com\example\practica3\entity\CarritoLinea.java. Using fallback presentation compiler.
2026.04.23 13:07:55 INFO  no build target found for C:\Users\Felicia\Coding\Telematic programming\practica3\practica3\src\main\java\com\example\practica3\entity\CarritoLinea.java. Using fallback presentation compiler.
2026.04.23 13:07:55 INFO  no build target found for C:\Users\Felicia\Coding\Telematic programming\practica3\practica3\src\main\java\com\example\practica3\entity\CarritoLinea.java. Using fallback presentation compiler.
2026.04.23 13:07:55 INFO  no build target found for C:\Users\Felicia\Coding\Telematic programming\practica3\practica3\src\main\java\com\example\practica3\entity\CarritoLinea.java. Using fallback presentation compiler.
2026.04.23 13:07:56 INFO  no build target found for C:\Users\Felicia\Coding\Telematic programming\practica3\practica3\src\main\java\com\example\practica3\entity\CarritoLinea.java. Using fallback presentation compiler.
2026.04.23 13:07:56 INFO  no build target found for C:\Users\Felicia\Coding\Telematic programming\practica3\practica3\src\main\java\com\example\practica3\entity\CarritoLinea.java. Using fallback presentation compiler.
2026.04.23 13:07:56 INFO  no build target found for C:\Users\Felicia\Coding\Telematic programming\practica3\practica3\src\main\java\com\example\practica3\entity\CarritoLinea.java. Using fallback presentation compiler.
2026.04.23 13:07:56 INFO  no build target found for C:\Users\Felicia\Coding\Telematic programming\practica3\practica3\src\main\java\com\example\practica3\entity\CarritoLinea.java. Using fallback presentation compiler.
2026.04.23 13:07:56 INFO  no build target found for C:\Users\Felicia\Coding\Telematic programming\practica3\practica3\src\main\java\com\example\practica3\entity\CarritoLinea.java. Using fallback presentation compiler.
2026.04.23 13:07:56 INFO  no build target found for C:\Users\Felicia\Coding\Telematic programming\practica3\practica3\src\main\java\com\example\practica3\entity\CarritoLinea.java. Using fallback presentation compiler.
2026.04.23 13:07:57 INFO  no build target found for C:\Users\Felicia\Coding\Telematic programming\practica3\practica3\src\main\java\com\example\practica3\entity\CarritoLinea.java. Using fallback presentation compiler.
2026.04.23 13:07:56 INFO  no build target found for C:\Users\Felicia\Coding\Telematic programming\practica3\practica3\src\main\java\com\example\practica3\entity\CarritoLinea.java. Using fallback presentation compiler.
apr. 23, 2026 1:07:57 EM org.eclipse.lsp4j.jsonrpc.RemoteEndpoint handleCancellation
WARNING: Unmatched cancel notification for request id 225
2026.04.23 13:07:57 INFO  no build target found for C:\Users\Felicia\Coding\Telematic programming\practica3\practica3\src\main\java\com\example\practica3\entity\CarritoLinea.java. Using fallback presentation compiler.
apr. 23, 2026 1:07:57 EM org.eclipse.lsp4j.jsonrpc.RemoteEndpoint handleCancellation
WARNING: Unmatched cancel notification for request id 228
2026.04.23 13:07:57 INFO  no build target found for C:\Users\Felicia\Coding\Telematic programming\practica3\practica3\src\main\java\com\example\practica3\entity\CarritoLinea.java. Using fallback presentation compiler.
2026.04.23 13:07:57 INFO  no build target found for C:\Users\Felicia\Coding\Telematic programming\practica3\practica3\src\main\java\com\example\practica3\entity\CarritoLinea.java. Using fallback presentation compiler.
2026.04.23 13:07:57 INFO  no build target found for C:\Users\Felicia\Coding\Telematic programming\practica3\practica3\src\main\java\com\example\practica3\entity\CarritoLinea.java. Using fallback presentation compiler.
2026.04.23 13:07:57 INFO  no build target found for C:\Users\Felicia\Coding\Telematic programming\practica3\practica3\src\main\java\com\example\practica3\entity\CarritoLinea.java. Using fallback presentation compiler.
2026.04.23 13:07:57 INFO  no build target found for C:\Users\Felicia\Coding\Telematic programming\practica3\practica3\src\main\java\com\example\practica3\entity\CarritoLinea.java. Using fallback presentation compiler.
2026.04.23 13:07:57 INFO  no build target found for C:\Users\Felicia\Coding\Telematic programming\practica3\practica3\src\main\java\com\example\practica3\entity\CarritoLinea.java. Using fallback presentation compiler.
2026.04.23 13:07:58 INFO  no build target found for C:\Users\Felicia\Coding\Telematic programming\practica3\practica3\src\main\java\com\example\practica3\entity\CarritoLinea.java. Using fallback presentation compiler.
2026.04.23 13:07:58 INFO  no build target found for C:\Users\Felicia\Coding\Telematic programming\practica3\practica3\src\main\java\com\example\practica3\entity\CarritoLinea.java. Using fallback presentation compiler.
2026.04.23 13:07:58 INFO  no build target found for C:\Users\Felicia\Coding\Telematic programming\practica3\practica3\src\main\java\com\example\practica3\entity\CarritoLinea.java. Using fallback presentation compiler.
2026.04.23 13:07:58 INFO  no build target found for C:\Users\Felicia\Coding\Telematic programming\practica3\practica3\src\main\java\com\example\practica3\entity\CarritoLinea.java. Using fallback presentation compiler.
2026.04.23 13:07:58 INFO  no build target found for C:\Users\Felicia\Coding\Telematic programming\practica3\practica3\src\main\java\com\example\practica3\entity\CarritoLinea.java. Using fallback presentation compiler.
2026.04.23 13:07:58 INFO  no build target found for C:\Users\Felicia\Coding\Telematic programming\practica3\practica3\src\main\java\com\example\practica3\entity\CarritoLinea.java. Using fallback presentation compiler.
2026.04.23 13:07:59 INFO  no build target found for C:\Users\Felicia\Coding\Telematic programming\practica3\practica3\src\main\java\com\example\practica3\entity\CarritoLinea.java. Using fallback presentation compiler.
2026.04.23 13:07:59 INFO  no build target found for C:\Users\Felicia\Coding\Telematic programming\practica3\practica3\src\main\java\com\example\practica3\entity\CarritoLinea.java. Using fallback presentation compiler.
2026.04.23 13:07:59 WARN  no build target for: C:\Users\Felicia\Coding\Telematic programming\practica3\practica3\src\main\java\com\example\practica3\entity\CarritoLinea.java
2026.04.23 13:07:59 INFO  no build target found for C:\Users\Felicia\Coding\Telematic programming\practica3\practica3\src\main\java\com\example\practica3\entity\CarritoLinea.java. Using fallback presentation compiler.
2026.04.23 13:08:00 WARN  Running javac-semanticdb failed for file:///C:/Users/Felicia/Coding/Telematic%20programming/practica3/practica3/src/main/java/com/example/practica3/entity/CarritoLinea.java. Output:

2026.04.23 13:08:01 INFO  no build target found for C:\Users\Felicia\Coding\Telematic programming\practica3\practica3\src\main\java\com\example\practica3\entity\CarritoLinea.java. Using fallback presentation compiler.
2026.04.23 13:08:01 INFO  no build target found for C:\Users\Felicia\Coding\Telematic programming\practica3\practica3\src\main\java\com\example\practica3\entity\CarritoLinea.java. Using fallback presentation compiler.
2026.04.23 13:08:01 INFO  no build target found for C:\Users\Felicia\Coding\Telematic programming\practica3\practica3\src\main\java\com\example\practica3\entity\CarritoLinea.java. Using fallback presentation compiler.
2026.04.23 13:08:02 INFO  no build target found for C:\Users\Felicia\Coding\Telematic programming\practica3\practica3\src\main\java\com\example\practica3\entity\CarritoLinea.java. Using fallback presentation compiler.
2026.04.23 13:08:04 INFO  no build target found for C:\Users\Felicia\Coding\Telematic programming\practica3\practica3\src\main\java\com\example\practica3\entity\CarritoLinea.java. Using fallback presentation compiler.
2026.04.23 13:08:04 INFO  no build target found for C:\Users\Felicia\Coding\Telematic programming\practica3\practica3\src\main\java\com\example\practica3\entity\CarritoLinea.java. Using fallback presentation compiler.
2026.04.23 13:08:06 INFO  no build target found for C:\Users\Felicia\Coding\Telematic programming\practica3\practica3\src\main\java\com\example\practica3\entity\CarritoLinea.java. Using fallback presentation compiler.
2026.04.23 13:08:06 INFO  no build target found for C:\Users\Felicia\Coding\Telematic programming\practica3\practica3\src\main\java\com\example\practica3\entity\CarritoLinea.java. Using fallback presentation compiler.
2026.04.23 13:08:06 INFO  no build target found for C:\Users\Felicia\Coding\Telematic programming\practica3\practica3\src\main\java\com\example\practica3\entity\CarritoLinea.java. Using fallback presentation compiler.
2026.04.23 13:08:06 INFO  no build target found for C:\Users\Felicia\Coding\Telematic programming\practica3\practica3\src\main\java\com\example\practica3\entity\CarritoLinea.java. Using fallback presentation compiler.
2026.04.23 13:08:06 INFO  no build target found for C:\Users\Felicia\Coding\Telematic programming\practica3\practica3\src\main\java\com\example\practica3\entity\CarritoLinea.java. Using fallback presentation compiler.
2026.04.23 13:08:06 INFO  no build target found for C:\Users\Felicia\Coding\Telematic programming\practica3\practica3\src\main\java\com\example\practica3\entity\CarritoLinea.java. Using fallback presentation compiler.
2026.04.23 13:08:07 INFO  no build target found for C:\Users\Felicia\Coding\Telematic programming\practica3\practica3\src\main\java\com\example\practica3\entity\CarritoLinea.java. Using fallback presentation compiler.
2026.04.23 13:08:07 INFO  no build target found for C:\Users\Felicia\Coding\Telematic programming\practica3\practica3\src\main\java\com\example\practica3\entity\CarritoLinea.java. Using fallback presentation compiler.
2026.04.23 13:08:07 INFO  no build target found for C:\Users\Felicia\Coding\Telematic programming\practica3\practica3\src\main\java\com\example\practica3\entity\CarritoLinea.java. Using fallback presentation compiler.
2026.04.23 13:08:07 INFO  no build target found for C:\Users\Felicia\Coding\Telematic programming\practica3\practica3\src\main\java\com\example\practica3\entity\CarritoLinea.java. Using fallback presentation compiler.
apr. 23, 2026 1:08:08 EM org.eclipse.lsp4j.jsonrpc.RemoteEndpoint handleCancellation
WARNING: Unmatched cancel notification for request id 273
2026.04.23 13:08:07 INFO  no build target found for C:\Users\Felicia\Coding\Telematic programming\practica3\practica3\src\main\java\com\example\practica3\entity\CarritoLinea.java. Using fallback presentation compiler.
2026.04.23 13:08:07 INFO  no build target found for C:\Users\Felicia\Coding\Telematic programming\practica3\practica3\src\main\java\com\example\practica3\entity\CarritoLinea.java. Using fallback presentation compiler.
2026.04.23 13:08:08 INFO  no build target found for C:\Users\Felicia\Coding\Telematic programming\practica3\practica3\src\main\java\com\example\practica3\entity\CarritoLinea.java. Using fallback presentation compiler.
2026.04.23 13:08:09 WARN  no build target for: C:\Users\Felicia\Coding\Telematic programming\practica3\practica3\src\main\java\com\example\practica3\entity\CarritoLinea.java
2026.04.23 13:08:08 INFO  no build target found for C:\Users\Felicia\Coding\Telematic programming\practica3\practica3\src\main\java\com\example\practica3\entity\CarritoLinea.java. Using fallback presentation compiler.
2026.04.23 13:08:09 WARN  Running javac-semanticdb failed for file:///C:/Users/Felicia/Coding/Telematic%20programming/practica3/practica3/src/main/java/com/example/practica3/entity/CarritoLinea.java. Output:

2026.04.23 13:08:09 INFO  no build target found for C:\Users\Felicia\Coding\Telematic programming\practica3\practica3\src\main\java\com\example\practica3\entity\CarritoLinea.java. Using fallback presentation compiler.
2026.04.23 13:08:11 INFO  no build target found for C:\Users\Felicia\Coding\Telematic programming\practica3\practica3\src\main\java\com\example\practica3\entity\CarritoLinea.java. Using fallback presentation compiler.
2026.04.23 13:08:16 INFO  no build target found for C:\Users\Felicia\Coding\Telematic programming\practica3\practica3\src\main\java\com\example\practica3\entity\CarritoLinea.java. Using fallback presentation compiler.
2026.04.23 13:08:16 INFO  no build target found for C:\Users\Felicia\Coding\Telematic programming\practica3\practica3\src\main\java\com\example\practica3\entity\CarritoLinea.java. Using fallback presentation compiler.
2026.04.23 13:08:16 INFO  no build target found for C:\Users\Felicia\Coding\Telematic programming\practica3\practica3\src\main\java\com\example\practica3\entity\CarritoLinea.java. Using fallback presentation compiler.
2026.04.23 13:08:18 INFO  no build target found for C:\Users\Felicia\Coding\Telematic programming\practica3\practica3\src\main\java\com\example\practica3\entity\CarritoLinea.java. Using fallback presentation compiler.
2026.04.23 13:08:18 INFO  no build target found for C:\Users\Felicia\Coding\Telematic programming\practica3\practica3\src\main\java\com\example\practica3\entity\CarritoLinea.java. Using fallback presentation compiler.
2026.04.23 13:08:18 INFO  no build target found for C:\Users\Felicia\Coding\Telematic programming\practica3\practica3\src\main\java\com\example\practica3\entity\CarritoLinea.java. Using fallback presentation compiler.
2026.04.23 13:08:18 INFO  no build target found for C:\Users\Felicia\Coding\Telematic programming\practica3\practica3\src\main\java\com\example\practica3\entity\CarritoLinea.java. Using fallback presentation compiler.
2026.04.23 13:08:18 INFO  no build target found for C:\Users\Felicia\Coding\Telematic programming\practica3\practica3\src\main\java\com\example\practica3\entity\CarritoLinea.java. Using fallback presentation compiler.
2026.04.23 13:08:18 INFO  no build target found for C:\Users\Felicia\Coding\Telematic programming\practica3\practica3\src\main\java\com\example\practica3\entity\CarritoLinea.java. Using fallback presentation compiler.
2026.04.23 13:08:19 INFO  no build target found for C:\Users\Felicia\Coding\Telematic programming\practica3\practica3\src\main\java\com\example\practica3\entity\CarritoLinea.java. Using fallback presentation compiler.
2026.04.23 13:08:19 INFO  no build target found for C:\Users\Felicia\Coding\Telematic programming\practica3\practica3\src\main\java\com\example\practica3\entity\CarritoLinea.java. Using fallback presentation compiler.
2026.04.23 13:08:19 INFO  no build target found for C:\Users\Felicia\Coding\Telematic programming\practica3\practica3\src\main\java\com\example\practica3\entity\CarritoLinea.java. Using fallback presentation compiler.
2026.04.23 13:08:19 WARN  no build target for: C:\Users\Felicia\Coding\Telematic programming\practica3\practica3\src\main\java\com\example\practica3\entity\CarritoLinea.java
2026.04.23 13:08:19 INFO  no build target found for C:\Users\Felicia\Coding\Telematic programming\practica3\practica3\src\main\java\com\example\practica3\entity\CarritoLinea.java. Using fallback presentation compiler.
2026.04.23 13:08:19 WARN  Running javac-semanticdb failed for file:///C:/Users/Felicia/Coding/Telematic%20programming/practica3/practica3/src/main/java/com/example/practica3/entity/CarritoLinea.java. Output:

2026.04.23 13:08:21 INFO  no build target found for C:\Users\Felicia\Coding\Telematic programming\practica3\practica3\src\main\java\com\example\practica3\entity\CarritoLinea.java. Using fallback presentation compiler.
2026.04.23 13:08:25 INFO  no build target found for C:\Users\Felicia\Coding\Telematic programming\practica3\practica3\src\main\java\com\example\practica3\entity\CarritoLinea.java. Using fallback presentation compiler.
2026.04.23 13:09:14 INFO  no build target found for C:\Users\Felicia\Coding\Telematic programming\practica3\practica3\src\main\java\com\example\practica3\Practica3Application.java. Using fallback presentation compiler.
2026.04.23 13:09:14 WARN  no build target for: C:\Users\Felicia\Coding\Telematic programming\practica3\practica3\src\main\java\com\example\practica3\Practica3Application.java
2026.04.23 13:09:14 INFO  no build target found for C:\Users\Felicia\Coding\Telematic programming\practica3\practica3\src\main\java\com\example\practica3\Practica3Application.java. Using fallback presentation compiler.
2026.04.23 13:09:14 INFO  no build target found for C:\Users\Felicia\Coding\Telematic programming\practica3\practica3\src\main\java\com\example\practica3\Practica3Application.java. Using fallback presentation compiler.
2026.04.23 13:09:31 INFO  no build target found for C:\Users\Felicia\Coding\Telematic programming\practica3\practica3\src\main\java\com\example\practica3\Practica3Application.java. Using fallback presentation compiler.
2026.04.23 13:09:35 INFO  no build target found for C:\Users\Felicia\Coding\Telematic programming\practica3\practica3\src\main\java\com\example\practica3\Practica3Application.java. Using fallback presentation compiler.
2026.04.23 13:10:26 INFO  no build target found for C:\Users\Felicia\Coding\Telematic programming\practica3\practica3\src\main\java\com\example\practica3\entity\CarritoLinea.java. Using fallback presentation compiler.
2026.04.23 13:10:26 WARN  no build target for: C:\Users\Felicia\Coding\Telematic programming\practica3\practica3\src\main\java\com\example\practica3\entity\CarritoLinea.java
2026.04.23 13:10:26 INFO  no build target found for C:\Users\Felicia\Coding\Telematic programming\practica3\practica3\src\main\java\com\example\practica3\entity\CarritoLinea.java. Using fallback presentation compiler.
2026.04.23 13:10:26 INFO  no build target found for C:\Users\Felicia\Coding\Telematic programming\practica3\practica3\src\main\java\com\example\practica3\entity\CarritoLinea.java. Using fallback presentation compiler.
2026.04.23 13:10:26 INFO  no build target found for C:\Users\Felicia\Coding\Telematic programming\practica3\practica3\src\main\java\com\example\practica3\entity\CarritoLinea.java. Using fallback presentation compiler.
2026.04.23 13:10:26 INFO  no build target found for C:\Users\Felicia\Coding\Telematic programming\practica3\practica3\src\main\java\com\example\practica3\entity\CarritoLinea.java. Using fallback presentation compiler.
2026.04.23 13:10:26 INFO  no build target found for C:\Users\Felicia\Coding\Telematic programming\practica3\practica3\src\main\java\com\example\practica3\entity\CarritoLinea.java. Using fallback presentation compiler.
2026.04.23 13:10:28 INFO  no build target found for C:\Users\Felicia\Coding\Telematic programming\practica3\practica3\src\main\java\com\example\practica3\entity\CarritoLinea.java. Using fallback presentation compiler.
2026.04.23 13:10:28 INFO  no build target found for C:\Users\Felicia\Coding\Telematic programming\practica3\practica3\src\main\java\com\example\practica3\entity\CarritoLinea.java. Using fallback presentation compiler.
2026.04.23 13:11:16 INFO  no build target found for C:\Users\Felicia\Coding\Telematic programming\practica3\practica3\src\main\java\com\example\practica3\entity\CarritoLinea.java. Using fallback presentation compiler.
2026.04.23 13:11:16 INFO  no build target found for C:\Users\Felicia\Coding\Telematic programming\practica3\practica3\src\main\java\com\example\practica3\entity\CarritoLinea.java. Using fallback presentation compiler.
2026.04.23 13:11:16 INFO  no build target found for C:\Users\Felicia\Coding\Telematic programming\practica3\practica3\src\main\java\com\example\practica3\entity\CarritoLinea.java. Using fallback presentation compiler.
2026.04.23 13:11:17 INFO  no build target found for C:\Users\Felicia\Coding\Telematic programming\practica3\practica3\src\main\java\com\example\practica3\entity\CarritoLinea.java. Using fallback presentation compiler.
2026.04.23 13:11:17 INFO  no build target found for C:\Users\Felicia\Coding\Telematic programming\practica3\practica3\src\main\java\com\example\practica3\entity\CarritoLinea.java. Using fallback presentation compiler.
2026.04.23 13:11:17 INFO  no build target found for C:\Users\Felicia\Coding\Telematic programming\practica3\practica3\src\main\java\com\example\practica3\entity\CarritoLinea.java. Using fallback presentation compiler.
2026.04.23 13:11:17 INFO  no build target found for C:\Users\Felicia\Coding\Telematic programming\practica3\practica3\src\main\java\com\example\practica3\entity\CarritoLinea.java. Using fallback presentation compiler.
2026.04.23 13:11:20 INFO  no build target found for C:\Users\Felicia\Coding\Telematic programming\practica3\practica3\src\main\java\com\example\practica3\entity\CarritoLinea.java. Using fallback presentation compiler.
apr. 23, 2026 1:11:20 EM org.eclipse.lsp4j.jsonrpc.RemoteEndpoint handleCancellation
WARNING: Unmatched cancel notification for request id 358
2026.04.23 13:11:20 INFO  no build target found for C:\Users\Felicia\Coding\Telematic programming\practica3\practica3\src\main\java\com\example\practica3\entity\CarritoLinea.java. Using fallback presentation compiler.
apr. 23, 2026 1:11:20 EM org.eclipse.lsp4j.jsonrpc.RemoteEndpoint handleCancellation
WARNING: Unmatched cancel notification for request id 359
2026.04.23 13:11:20 INFO  no build target found for C:\Users\Felicia\Coding\Telematic programming\practica3\practica3\src\main\java\com\example\practica3\entity\CarritoLinea.java. Using fallback presentation compiler.
2026.04.23 13:11:20 INFO  no build target found for C:\Users\Felicia\Coding\Telematic programming\practica3\practica3\src\main\java\com\example\practica3\entity\CarritoLinea.java. Using fallback presentation compiler.
2026.04.23 13:11:20 INFO  no build target found for C:\Users\Felicia\Coding\Telematic programming\practica3\practica3\src\main\java\com\example\practica3\entity\CarritoLinea.java. Using fallback presentation compiler.
2026.04.23 13:11:20 INFO  no build target found for C:\Users\Felicia\Coding\Telematic programming\practica3\practica3\src\main\java\com\example\practica3\entity\CarritoLinea.java. Using fallback presentation compiler.
apr. 23, 2026 1:11:20 EM org.eclipse.lsp4j.jsonrpc.RemoteEndpoint handleCancellation
WARNING: Unmatched cancel notification for request id 364
2026.04.23 13:11:20 INFO  no build target found for C:\Users\Felicia\Coding\Telematic programming\practica3\practica3\src\main\java\com\example\practica3\entity\CarritoLinea.java. Using fallback presentation compiler.
2026.04.23 13:11:20 INFO  no build target found for C:\Users\Felicia\Coding\Telematic programming\practica3\practica3\src\main\java\com\example\practica3\entity\CarritoLinea.java. Using fallback presentation compiler.
2026.04.23 13:11:20 INFO  no build target found for C:\Users\Felicia\Coding\Telematic programming\practica3\practica3\src\main\java\com\example\practica3\entity\CarritoLinea.java. Using fallback presentation compiler.
2026.04.23 13:11:20 INFO  no build target found for C:\Users\Felicia\Coding\Telematic programming\practica3\practica3\src\main\java\com\example\practica3\entity\CarritoLinea.java. Using fallback presentation compiler.
2026.04.23 13:11:20 INFO  no build target found for C:\Users\Felicia\Coding\Telematic programming\practica3\practica3\src\main\java\com\example\practica3\entity\CarritoLinea.java. Using fallback presentation compiler.
2026.04.23 13:11:20 INFO  no build target found for C:\Users\Felicia\Coding\Telematic programming\practica3\practica3\src\main\java\com\example\practica3\entity\CarritoLinea.java. Using fallback presentation compiler.
2026.04.23 13:11:20 INFO  no build target found for C:\Users\Felicia\Coding\Telematic programming\practica3\practica3\src\main\java\com\example\practica3\entity\CarritoLinea.java. Using fallback presentation compiler.
2026.04.23 13:11:20 INFO  no build target found for C:\Users\Felicia\Coding\Telematic programming\practica3\practica3\src\main\java\com\example\practica3\entity\CarritoLinea.java. Using fallback presentation compiler.
apr. 23, 2026 1:11:21 EM org.eclipse.lsp4j.jsonrpc.RemoteEndpoint handleCancellation
WARNING: Unmatched cancel notification for request id 370
2026.04.23 13:11:20 INFO  no build target found for C:\Users\Felicia\Coding\Telematic programming\practica3\practica3\src\main\java\com\example\practica3\entity\CarritoLinea.java. Using fallback presentation compiler.
2026.04.23 13:11:20 INFO  no build target found for C:\Users\Felicia\Coding\Telematic programming\practica3\practica3\src\main\java\com\example\practica3\entity\CarritoLinea.java. Using fallback presentation compiler.
2026.04.23 13:11:20 INFO  no build target found for C:\Users\Felicia\Coding\Telematic programming\practica3\practica3\src\main\java\com\example\practica3\entity\CarritoLinea.java. Using fallback presentation compiler.
2026.04.23 13:11:21 INFO  no build target found for C:\Users\Felicia\Coding\Telematic programming\practica3\practica3\src\main\java\com\example\practica3\entity\CarritoLinea.java. Using fallback presentation compiler.
2026.04.23 13:11:20 INFO  no build target found for C:\Users\Felicia\Coding\Telematic programming\practica3\practica3\src\main\java\com\example\practica3\entity\CarritoLinea.java. Using fallback presentation compiler.
2026.04.23 13:11:21 WARN  no build target for: C:\Users\Felicia\Coding\Telematic programming\practica3\practica3\src\main\java\com\example\practica3\entity\CarritoLinea.java
2026.04.23 13:11:21 INFO  no build target found for C:\Users\Felicia\Coding\Telematic programming\practica3\practica3\src\main\java\com\example\practica3\entity\CarritoLinea.java. Using fallback presentation compiler.
2026.04.23 13:11:21 WARN  Running javac-semanticdb failed for file:///C:/Users/Felicia/Coding/Telematic%20programming/practica3/practica3/src/main/java/com/example/practica3/entity/CarritoLinea.java. Output:

2026.04.23 13:11:23 INFO  no build target found for C:\Users\Felicia\Coding\Telematic programming\practica3\practica3\src\main\java\com\example\practica3\entity\CarritoLinea.java. Using fallback presentation compiler.
2026.04.23 13:11:23 INFO  no build target found for C:\Users\Felicia\Coding\Telematic programming\practica3\practica3\src\main\java\com\example\practica3\entity\CarritoLinea.java. Using fallback presentation compiler.
2026.04.23 13:11:41 INFO  no build target found for C:\Users\Felicia\Coding\Telematic programming\practica3\practica3\src\main\java\com\example\practica3\entity\CarritoLinea.java. Using fallback presentation compiler.
2026.04.23 13:11:45 INFO  no build target found for C:\Users\Felicia\Coding\Telematic programming\practica3\practica3\src\main\java\com\example\practica3\entity\CarritoLinea.java. Using fallback presentation compiler.
2026.04.23 13:11:45 INFO  no build target found for C:\Users\Felicia\Coding\Telematic programming\practica3\practica3\src\main\java\com\example\practica3\entity\CarritoLinea.java. Using fallback presentation compiler.
2026.04.23 13:11:45 INFO  no build target found for C:\Users\Felicia\Coding\Telematic programming\practica3\practica3\src\main\java\com\example\practica3\entity\CarritoLinea.java. Using fallback presentation compiler.
2026.04.23 13:11:46 INFO  no build target found for C:\Users\Felicia\Coding\Telematic programming\practica3\practica3\src\main\java\com\example\practica3\entity\CarritoLinea.java. Using fallback presentation compiler.
2026.04.23 13:11:46 INFO  no build target found for C:\Users\Felicia\Coding\Telematic programming\practica3\practica3\src\main\java\com\example\practica3\entity\CarritoLinea.java. Using fallback presentation compiler.
2026.04.23 13:11:46 INFO  no build target found for C:\Users\Felicia\Coding\Telematic programming\practica3\practica3\src\main\java\com\example\practica3\entity\CarritoLinea.java. Using fallback presentation compiler.
2026.04.23 13:11:46 INFO  no build target found for C:\Users\Felicia\Coding\Telematic programming\practica3\practica3\src\main\java\com\example\practica3\entity\CarritoLinea.java. Using fallback presentation compiler.
2026.04.23 13:11:47 INFO  no build target found for C:\Users\Felicia\Coding\Telematic programming\practica3\practica3\src\main\java\com\example\practica3\entity\CarritoLinea.java. Using fallback presentation compiler.
2026.04.23 13:11:47 INFO  no build target found for C:\Users\Felicia\Coding\Telematic programming\practica3\practica3\src\main\java\com\example\practica3\entity\CarritoLinea.java. Using fallback presentation compiler.
2026.04.23 13:11:47 INFO  no build target found for C:\Users\Felicia\Coding\Telematic programming\practica3\practica3\src\main\java\com\example\practica3\entity\CarritoLinea.java. Using fallback presentation compiler.
2026.04.23 13:11:47 INFO  no build target found for C:\Users\Felicia\Coding\Telematic programming\practica3\practica3\src\main\java\com\example\practica3\entity\CarritoLinea.java. Using fallback presentation compiler.
2026.04.23 13:11:47 INFO  no build target found for C:\Users\Felicia\Coding\Telematic programming\practica3\practica3\src\main\java\com\example\practica3\entity\CarritoLinea.java. Using fallback presentation compiler.
2026.04.23 13:11:47 INFO  no build target found for C:\Users\Felicia\Coding\Telematic programming\practica3\practica3\src\main\java\com\example\practica3\entity\CarritoLinea.java. Using fallback presentation compiler.
2026.04.23 13:11:48 INFO  no build target found for C:\Users\Felicia\Coding\Telematic programming\practica3\practica3\src\main\java\com\example\practica3\entity\CarritoLinea.java. Using fallback presentation compiler.
2026.04.23 13:11:47 INFO  no build target found for C:\Users\Felicia\Coding\Telematic programming\practica3\practica3\src\main\java\com\example\practica3\entity\CarritoLinea.java. Using fallback presentation compiler.
2026.04.23 13:11:47 INFO  no build target found for C:\Users\Felicia\Coding\Telematic programming\practica3\practica3\src\main\java\com\example\practica3\entity\CarritoLinea.java. Using fallback presentation compiler.
2026.04.23 13:11:48 INFO  no build target found for C:\Users\Felicia\Coding\Telematic programming\practica3\practica3\src\main\java\com\example\practica3\entity\CarritoLinea.java. Using fallback presentation compiler.
2026.04.23 13:11:48 INFO  no build target found for C:\Users\Felicia\Coding\Telematic programming\practica3\practica3\src\main\java\com\example\practica3\entity\CarritoLinea.java. Using fallback presentation compiler.
2026.04.23 13:11:48 INFO  no build target found for C:\Users\Felicia\Coding\Telematic programming\practica3\practica3\src\main\java\com\example\practica3\entity\CarritoLinea.java. Using fallback presentation compiler.
apr. 23, 2026 1:11:49 EM org.eclipse.lsp4j.jsonrpc.RemoteEndpoint handleCancellation
WARNING: Unmatched cancel notification for request id 433
2026.04.23 13:11:48 INFO  no build target found for C:\Users\Felicia\Coding\Telematic programming\practica3\practica3\src\main\java\com\example\practica3\entity\CarritoLinea.java. Using fallback presentation compiler.
2026.04.23 13:11:48 INFO  no build target found for C:\Users\Felicia\Coding\Telematic programming\practica3\practica3\src\main\java\com\example\practica3\entity\CarritoLinea.java. Using fallback presentation compiler.
2026.04.23 13:11:48 INFO  no build target found for C:\Users\Felicia\Coding\Telematic programming\practica3\practica3\src\main\java\com\example\practica3\entity\CarritoLinea.java. Using fallback presentation compiler.
2026.04.23 13:11:49 INFO  no build target found for C:\Users\Felicia\Coding\Telematic programming\practica3\practica3\src\main\java\com\example\practica3\entity\CarritoLinea.java. Using fallback presentation compiler.
2026.04.23 13:11:48 INFO  no build target found for C:\Users\Felicia\Coding\Telematic programming\practica3\practica3\src\main\java\com\example\practica3\entity\CarritoLinea.java. Using fallback presentation compiler.
2026.04.23 13:11:50 INFO  no build target found for C:\Users\Felicia\Coding\Telematic programming\practica3\practica3\src\main\java\com\example\practica3\entity\CarritoLinea.java. Using fallback presentation compiler.
2026.04.23 13:11:50 WARN  no build target for: C:\Users\Felicia\Coding\Telematic programming\practica3\practica3\src\main\java\com\example\practica3\entity\CarritoLinea.java
2026.04.23 13:11:50 INFO  no build target found for C:\Users\Felicia\Coding\Telematic programming\practica3\practica3\src\main\java\com\example\practica3\entity\CarritoLinea.java. Using fallback presentation compiler.
2026.04.23 13:11:50 WARN  Running javac-semanticdb failed for file:///C:/Users/Felicia/Coding/Telematic%20programming/practica3/practica3/src/main/java/com/example/practica3/entity/CarritoLinea.java. Output:

2026.04.23 13:11:50 INFO  no build target found for C:\Users\Felicia\Coding\Telematic programming\practica3\practica3\src\main\java\com\example\practica3\entity\CarritoLinea.java. Using fallback presentation compiler.
2026.04.23 13:11:50 INFO  no build target found for C:\Users\Felicia\Coding\Telematic programming\practica3\practica3\src\main\java\com\example\practica3\entity\CarritoLinea.java. Using fallback presentation compiler.
2026.04.23 13:11:51 INFO  no build target found for C:\Users\Felicia\Coding\Telematic programming\practica3\practica3\src\main\java\com\example\practica3\entity\CarritoLinea.java. Using fallback presentation compiler.
2026.04.23 13:11:51 INFO  no build target found for C:\Users\Felicia\Coding\Telematic programming\practica3\practica3\src\main\java\com\example\practica3\entity\CarritoLinea.java. Using fallback presentation compiler.
2026.04.23 13:11:51 INFO  no build target found for C:\Users\Felicia\Coding\Telematic programming\practica3\practica3\src\main\java\com\example\practica3\entity\CarritoLinea.java. Using fallback presentation compiler.
2026.04.23 13:11:51 INFO  no build target found for C:\Users\Felicia\Coding\Telematic programming\practica3\practica3\src\main\java\com\example\practica3\entity\CarritoLinea.java. Using fallback presentation compiler.
2026.04.23 13:11:51 INFO  no build target found for C:\Users\Felicia\Coding\Telematic programming\practica3\practica3\src\main\java\com\example\practica3\entity\CarritoLinea.java. Using fallback presentation compiler.
2026.04.23 13:11:51 INFO  no build target found for C:\Users\Felicia\Coding\Telematic programming\practica3\practica3\src\main\java\com\example\practica3\entity\CarritoLinea.java. Using fallback presentation compiler.
2026.04.23 13:11:51 INFO  no build target found for C:\Users\Felicia\Coding\Telematic programming\practica3\practica3\src\main\java\com\example\practica3\entity\CarritoLinea.java. Using fallback presentation compiler.
2026.04.23 13:11:51 INFO  no build target found for C:\Users\Felicia\Coding\Telematic programming\practica3\practica3\src\main\java\com\example\practica3\entity\CarritoLinea.java. Using fallback presentation compiler.
2026.04.23 13:11:52 INFO  no build target found for C:\Users\Felicia\Coding\Telematic programming\practica3\practica3\src\main\java\com\example\practica3\entity\CarritoLinea.java. Using fallback presentation compiler.
2026.04.23 13:11:52 INFO  no build target found for C:\Users\Felicia\Coding\Telematic programming\practica3\practica3\src\main\java\com\example\practica3\entity\CarritoLinea.java. Using fallback presentation compiler.
2026.04.23 13:11:52 INFO  no build target found for C:\Users\Felicia\Coding\Telematic programming\practica3\practica3\src\main\java\com\example\practica3\entity\CarritoLinea.java. Using fallback presentation compiler.
2026.04.23 13:11:52 INFO  no build target found for C:\Users\Felicia\Coding\Telematic programming\practica3\practica3\src\main\java\com\example\practica3\entity\CarritoLinea.java. Using fallback presentation compiler.
2026.04.23 13:11:52 INFO  no build target found for C:\Users\Felicia\Coding\Telematic programming\practica3\practica3\src\main\java\com\example\practica3\entity\CarritoLinea.java. Using fallback presentation compiler.
2026.04.23 13:11:52 INFO  no build target found for C:\Users\Felicia\Coding\Telematic programming\practica3\practica3\src\main\java\com\example\practica3\entity\CarritoLinea.java. Using fallback presentation compiler.
2026.04.23 13:11:52 INFO  no build target found for C:\Users\Felicia\Coding\Telematic programming\practica3\practica3\src\main\java\com\example\practica3\entity\CarritoLinea.java. Using fallback presentation compiler.
2026.04.23 13:11:53 INFO  no build target found for C:\Users\Felicia\Coding\Telematic programming\practica3\practica3\src\main\java\com\example\practica3\entity\CarritoLinea.java. Using fallback presentation compiler.
2026.04.23 13:11:52 INFO  no build target found for C:\Users\Felicia\Coding\Telematic programming\practica3\practica3\src\main\java\com\example\practica3\entity\CarritoLinea.java. Using fallback presentation compiler.
2026.04.23 13:11:54 INFO  no build target found for C:\Users\Felicia\Coding\Telematic programming\practica3\practica3\src\main\java\com\example\practica3\entity\CarritoLinea.java. Using fallback presentation compiler.
2026.04.23 13:11:54 WARN  no build target for: C:\Users\Felicia\Coding\Telematic programming\practica3\practica3\src\main\java\com\example\practica3\entity\CarritoLinea.java
2026.04.23 13:11:54 INFO  no build target found for C:\Users\Felicia\Coding\Telematic programming\practica3\practica3\src\main\java\com\example\practica3\entity\CarritoLinea.java. Using fallback presentation compiler.
2026.04.23 13:11:54 WARN  Running javac-semanticdb failed for file:///C:/Users/Felicia/Coding/Telematic%20programming/practica3/practica3/src/main/java/com/example/practica3/entity/CarritoLinea.java. Output:

2026.04.23 13:11:59 INFO  no build target found for C:\Users\Felicia\Coding\Telematic programming\practica3\practica3\src\main\java\com\example\practica3\entity\CarritoLinea.java. Using fallback presentation compiler.
2026.04.23 13:12:12 INFO  no build target found for C:\Users\Felicia\Coding\Telematic programming\practica3\practica3\src\main\java\com\example\practica3\entity\CarritoLinea.java. Using fallback presentation compiler.
2026.04.23 13:12:12 INFO  no build target found for C:\Users\Felicia\Coding\Telematic programming\practica3\practica3\src\main\java\com\example\practica3\entity\CarritoLinea.java. Using fallback presentation compiler.
2026.04.23 13:12:12 INFO  no build target found for C:\Users\Felicia\Coding\Telematic programming\practica3\practica3\src\main\java\com\example\practica3\entity\CarritoLinea.java. Using fallback presentation compiler.
2026.04.23 13:12:13 INFO  no build target found for C:\Users\Felicia\Coding\Telematic programming\practica3\practica3\src\main\java\com\example\practica3\entity\CarritoLinea.java. Using fallback presentation compiler.
2026.04.23 13:12:12 INFO  no build target found for C:\Users\Felicia\Coding\Telematic programming\practica3\practica3\src\main\java\com\example\practica3\entity\CarritoLinea.java. Using fallback presentation compiler.
2026.04.23 13:12:13 INFO  no build target found for C:\Users\Felicia\Coding\Telematic programming\practica3\practica3\src\main\java\com\example\practica3\entity\CarritoLinea.java. Using fallback presentation compiler.
2026.04.23 13:12:13 INFO  no build target found for C:\Users\Felicia\Coding\Telematic programming\practica3\practica3\src\main\java\com\example\practica3\entity\CarritoLinea.java. Using fallback presentation compiler.
2026.04.23 13:12:13 INFO  no build target found for C:\Users\Felicia\Coding\Telematic programming\practica3\practica3\src\main\java\com\example\practica3\entity\CarritoLinea.java. Using fallback presentation compiler.
2026.04.23 13:12:14 WARN  no build target for: C:\Users\Felicia\Coding\Telematic programming\practica3\practica3\src\main\java\com\example\practica3\entity\CarritoLinea.java
2026.04.23 13:12:14 INFO  no build target found for C:\Users\Felicia\Coding\Telematic programming\practica3\practica3\src\main\java\com\example\practica3\entity\CarritoLinea.java. Using fallback presentation compiler.
2026.04.23 13:12:14 WARN  Running javac-semanticdb failed for file:///C:/Users/Felicia/Coding/Telematic%20programming/practica3/practica3/src/main/java/com/example/practica3/entity/CarritoLinea.java. Output:

2026.04.23 13:12:15 INFO  no build target found for C:\Users\Felicia\Coding\Telematic programming\practica3\practica3\src\main\java\com\example\practica3\entity\CarritoLinea.java. Using fallback presentation compiler.
2026.04.23 13:12:53 INFO  no build target found for C:\Users\Felicia\Coding\Telematic programming\practica3\practica3\src\main\java\com\example\practica3\Practica3Application.java. Using fallback presentation compiler.
2026.04.23 13:12:53 WARN  no build target for: C:\Users\Felicia\Coding\Telematic programming\practica3\practica3\src\main\java\com\example\practica3\Practica3Application.java
2026.04.23 13:12:53 INFO  no build target found for C:\Users\Felicia\Coding\Telematic programming\practica3\practica3\src\main\java\com\example\practica3\Practica3Application.java. Using fallback presentation compiler.
2026.04.23 13:12:53 INFO  no build target found for C:\Users\Felicia\Coding\Telematic programming\practica3\practica3\src\main\java\com\example\practica3\Practica3Application.java. Using fallback presentation compiler.
2026.04.23 13:13:37 INFO  no build target found for C:\Users\Felicia\Coding\Telematic programming\practica3\practica3\src\main\java\com\example\practica3\repositorio\CarritoLineaRepo.java. Using fallback presentation compiler.
2026.04.23 13:13:37 WARN  no build target for: C:\Users\Felicia\Coding\Telematic programming\practica3\practica3\src\main\java\com\example\practica3\repositorio\CarritoLineaRepo.java
2026.04.23 13:13:37 INFO  no build target found for C:\Users\Felicia\Coding\Telematic programming\practica3\practica3\src\main\java\com\example\practica3\repositorio\CarritoLineaRepo.java. Using fallback presentation compiler.
2026.04.23 13:13:37 INFO  no build target found for C:\Users\Felicia\Coding\Telematic programming\practica3\practica3\src\main\java\com\example\practica3\repositorio\CarritoLineaRepo.java. Using fallback presentation compiler.
2026.04.23 13:13:37 INFO  no build target found for C:\Users\Felicia\Coding\Telematic programming\practica3\practica3\src\main\java\com\example\practica3\repositorio\CarritoLineaRepo.java. Using fallback presentation compiler.
2026.04.23 13:13:38 INFO  no build target found for C:\Users\Felicia\Coding\Telematic programming\practica3\practica3\src\main\java\com\example\practica3\entity\CarritoLinea.java. Using fallback presentation compiler.
2026.04.23 13:13:38 WARN  no build target for: C:\Users\Felicia\Coding\Telematic programming\practica3\practica3\src\main\java\com\example\practica3\entity\CarritoLinea.java
2026.04.23 13:13:38 INFO  no build target found for C:\Users\Felicia\Coding\Telematic programming\practica3\practica3\src\main\java\com\example\practica3\entity\CarritoLinea.java. Using fallback presentation compiler.
2026.04.23 13:13:38 INFO  no build target found for C:\Users\Felicia\Coding\Telematic programming\practica3\practica3\src\main\java\com\example\practica3\entity\CarritoLinea.java. Using fallback presentation compiler.
apr. 23, 2026 1:13:38 EM org.eclipse.lsp4j.jsonrpc.RemoteEndpoint handleCancellation
WARNING: Unmatched cancel notification for request id 525
2026.04.23 13:13:38 INFO  no build target found for C:\Users\Felicia\Coding\Telematic programming\practica3\practica3\src\main\java\com\example\practica3\entity\CarritoLinea.java. Using fallback presentation compiler.
2026.04.23 13:13:38 INFO  no build target found for C:\Users\Felicia\Coding\Telematic programming\practica3\practica3\src\main\java\com\example\practica3\entity\CarritoLinea.java. Using fallback presentation compiler.
2026.04.23 13:13:39 INFO  no build target found for C:\Users\Felicia\Coding\Telematic programming\practica3\practica3\src\main\java\com\example\practica3\entity\CarritoLinea.java. Using fallback presentation compiler.
2026.04.23 13:13:39 INFO  no build target found for C:\Users\Felicia\Coding\Telematic programming\practica3\practica3\src\main\java\com\example\practica3\entity\CarritoLinea.java. Using fallback presentation compiler.
2026.04.23 13:13:39 INFO  no build target found for C:\Users\Felicia\Coding\Telematic programming\practica3\practica3\src\main\java\com\example\practica3\entity\CarritoLinea.java. Using fallback presentation compiler.
2026.04.23 13:14:07 INFO  no build target found for C:\Users\Felicia\Coding\Telematic programming\practica3\practica3\src\main\java\com\example\practica3\entity\CarritoLinea.java. Using fallback presentation compiler.
2026.04.23 13:14:08 INFO  no build target found for C:\Users\Felicia\Coding\Telematic programming\practica3\practica3\src\main\java\com\example\practica3\entity\CarritoLinea.java. Using fallback presentation compiler.
2026.04.23 13:14:08 INFO  no build target found for C:\Users\Felicia\Coding\Telematic programming\practica3\practica3\src\main\java\com\example\practica3\entity\CarritoLinea.java. Using fallback presentation compiler.
2026.04.23 13:14:08 INFO  no build target found for C:\Users\Felicia\Coding\Telematic programming\practica3\practica3\src\main\java\com\example\practica3\entity\CarritoLinea.java. Using fallback presentation compiler.
2026.04.23 13:14:10 INFO  no build target found for C:\Users\Felicia\Coding\Telematic programming\practica3\practica3\src\main\java\com\example\practica3\entity\CarritoLinea.java. Using fallback presentation compiler.
2026.04.23 13:14:10 INFO  no build target found for C:\Users\Felicia\Coding\Telematic programming\practica3\practica3\src\main\java\com\example\practica3\entity\CarritoLinea.java. Using fallback presentation compiler.
2026.04.23 13:14:10 INFO  no build target found for C:\Users\Felicia\Coding\Telematic programming\practica3\practica3\src\main\java\com\example\practica3\entity\CarritoLinea.java. Using fallback presentation compiler.
2026.04.23 13:14:10 INFO  no build target found for C:\Users\Felicia\Coding\Telematic programming\practica3\practica3\src\main\java\com\example\practica3\entity\CarritoLinea.java. Using fallback presentation compiler.
2026.04.23 13:14:11 INFO  no build target found for C:\Users\Felicia\Coding\Telematic programming\practica3\practica3\src\main\java\com\example\practica3\entity\CarritoLinea.java. Using fallback presentation compiler.
2026.04.23 13:14:11 INFO  no build target found for C:\Users\Felicia\Coding\Telematic programming\practica3\practica3\src\main\java\com\example\practica3\entity\CarritoLinea.java. Using fallback presentation compiler.
2026.04.23 13:14:11 INFO  no build target found for C:\Users\Felicia\Coding\Telematic programming\practica3\practica3\src\main\java\com\example\practica3\entity\CarritoLinea.java. Using fallback presentation compiler.
2026.04.23 13:14:11 INFO  no build target found for C:\Users\Felicia\Coding\Telematic programming\practica3\practica3\src\main\java\com\example\practica3\entity\CarritoLinea.java. Using fallback presentation compiler.
2026.04.23 13:14:12 WARN  no build target for: C:\Users\Felicia\Coding\Telematic programming\practica3\practica3\src\main\java\com\example\practica3\entity\CarritoLinea.java
2026.04.23 13:14:12 INFO  no build target found for C:\Users\Felicia\Coding\Telematic programming\practica3\practica3\src\main\java\com\example\practica3\entity\CarritoLinea.java. Using fallback presentation compiler.
2026.04.23 13:14:12 WARN  Running javac-semanticdb failed for file:///C:/Users/Felicia/Coding/Telematic%20programming/practica3/practica3/src/main/java/com/example/practica3/entity/CarritoLinea.java. Output:

2026.04.23 13:14:13 INFO  no build target found for C:\Users\Felicia\Coding\Telematic programming\practica3\practica3\src\main\java\com\example\practica3\entity\CarritoLinea.java. Using fallback presentation compiler.
2026.04.23 13:14:18 INFO  no build target found for C:\Users\Felicia\Coding\Telematic programming\practica3\practica3\src\main\java\com\example\practica3\entity\CarritoLinea.java. Using fallback presentation compiler.
2026.04.23 13:14:18 INFO  no build target found for C:\Users\Felicia\Coding\Telematic programming\practica3\practica3\src\main\java\com\example\practica3\entity\CarritoLinea.java. Using fallback presentation compiler.
2026.04.23 13:14:18 INFO  no build target found for C:\Users\Felicia\Coding\Telematic programming\practica3\practica3\src\main\java\com\example\practica3\entity\CarritoLinea.java. Using fallback presentation compiler.
2026.04.23 13:14:18 INFO  no build target found for C:\Users\Felicia\Coding\Telematic programming\practica3\practica3\src\main\java\com\example\practica3\entity\CarritoLinea.java. Using fallback presentation compiler.
2026.04.23 13:14:18 INFO  no build target found for C:\Users\Felicia\Coding\Telematic programming\practica3\practica3\src\main\java\com\example\practica3\entity\CarritoLinea.java. Using fallback presentation compiler.
2026.04.23 13:14:18 INFO  no build target found for C:\Users\Felicia\Coding\Telematic programming\practica3\practica3\src\main\java\com\example\practica3\entity\CarritoLinea.java. Using fallback presentation compiler.
2026.04.23 13:14:21 INFO  no build target found for C:\Users\Felicia\Coding\Telematic programming\practica3\practica3\src\main\java\com\example\practica3\entity\CarritoLinea.java. Using fallback presentation compiler.
2026.04.23 13:14:21 INFO  no build target found for C:\Users\Felicia\Coding\Telematic programming\practica3\practica3\src\main\java\com\example\practica3\entity\CarritoLinea.java. Using fallback presentation compiler.
2026.04.23 13:14:21 INFO  no build target found for C:\Users\Felicia\Coding\Telematic programming\practica3\practica3\src\main\java\com\example\practica3\entity\CarritoLinea.java. Using fallback presentation compiler.
2026.04.23 13:14:21 INFO  no build target found for C:\Users\Felicia\Coding\Telematic programming\practica3\practica3\src\main\java\com\example\practica3\entity\CarritoLinea.java. Using fallback presentation compiler.
2026.04.23 13:14:22 INFO  no build target found for C:\Users\Felicia\Coding\Telematic programming\practica3\practica3\src\main\java\com\example\practica3\entity\CarritoLinea.java. Using fallback presentation compiler.
2026.04.23 13:14:22 INFO  no build target found for C:\Users\Felicia\Coding\Telematic programming\practica3\practica3\src\main\java\com\example\practica3\entity\CarritoLinea.java. Using fallback presentation compiler.
2026.04.23 13:14:22 INFO  no build target found for C:\Users\Felicia\Coding\Telematic programming\practica3\practica3\src\main\java\com\example\practica3\entity\CarritoLinea.java. Using fallback presentation compiler.
2026.04.23 13:14:22 INFO  no build target found for C:\Users\Felicia\Coding\Telematic programming\practica3\practica3\src\main\java\com\example\practica3\entity\CarritoLinea.java. Using fallback presentation compiler.
2026.04.23 13:14:22 INFO  no build target found for C:\Users\Felicia\Coding\Telematic programming\practica3\practica3\src\main\java\com\example\practica3\entity\CarritoLinea.java. Using fallback presentation compiler.
2026.04.23 13:14:22 WARN  no build target for: C:\Users\Felicia\Coding\Telematic programming\practica3\practica3\src\main\java\com\example\practica3\entity\CarritoLinea.java
2026.04.23 13:14:22 INFO  no build target found for C:\Users\Felicia\Coding\Telematic programming\practica3\practica3\src\main\java\com\example\practica3\entity\CarritoLinea.java. Using fallback presentation compiler.
2026.04.23 13:14:22 INFO  no build target found for C:\Users\Felicia\Coding\Telematic programming\practica3\practica3\src\main\java\com\example\practica3\entity\CarritoLinea.java. Using fallback presentation compiler.
2026.04.23 13:14:22 WARN  Running javac-semanticdb failed for file:///C:/Users/Felicia/Coding/Telematic%20programming/practica3/practica3/src/main/java/com/example/practica3/entity/CarritoLinea.java. Output:

2026.04.23 13:14:23 INFO  no build target found for C:\Users\Felicia\Coding\Telematic programming\practica3\practica3\src\main\java\com\example\practica3\entity\CarritoLinea.java. Using fallback presentation compiler.
2026.04.23 13:14:23 INFO  no build target found for C:\Users\Felicia\Coding\Telematic programming\practica3\practica3\src\main\java\com\example\practica3\entity\CarritoLinea.java. Using fallback presentation compiler.
2026.04.23 13:14:23 INFO  no build target found for C:\Users\Felicia\Coding\Telematic programming\practica3\practica3\src\main\java\com\example\practica3\entity\CarritoLinea.java. Using fallback presentation compiler.
2026.04.23 13:14:23 INFO  no build target found for C:\Users\Felicia\Coding\Telematic programming\practica3\practica3\src\main\java\com\example\practica3\entity\CarritoLinea.java. Using fallback presentation compiler.
2026.04.23 13:14:23 INFO  no build target found for C:\Users\Felicia\Coding\Telematic programming\practica3\practica3\src\main\java\com\example\practica3\entity\CarritoLinea.java. Using fallback presentation compiler.
2026.04.23 13:14:24 INFO  no build target found for C:\Users\Felicia\Coding\Telematic programming\practica3\practica3\src\main\java\com\example\practica3\entity\CarritoLinea.java. Using fallback presentation compiler.
2026.04.23 13:14:24 WARN  no build target for: C:\Users\Felicia\Coding\Telematic programming\practica3\practica3\src\main\java\com\example\practica3\entity\CarritoLinea.java
2026.04.23 13:14:24 INFO  no build target found for C:\Users\Felicia\Coding\Telematic programming\practica3\practica3\src\main\java\com\example\practica3\entity\CarritoLinea.java. Using fallback presentation compiler.
2026.04.23 13:14:24 WARN  Running javac-semanticdb failed for file:///C:/Users/Felicia/Coding/Telematic%20programming/practica3/practica3/src/main/java/com/example/practica3/entity/CarritoLinea.java. Output:

2026.04.23 13:14:24 INFO  no build target found for C:\Users\Felicia\Coding\Telematic programming\practica3\practica3\src\main\java\com\example\practica3\entity\CarritoLinea.java. Using fallback presentation compiler.
2026.04.23 13:14:24 INFO  no build target found for C:\Users\Felicia\Coding\Telematic programming\practica3\practica3\src\main\java\com\example\practica3\entity\CarritoLinea.java. Using fallback presentation compiler.
2026.04.23 13:14:25 INFO  no build target found for C:\Users\Felicia\Coding\Telematic programming\practica3\practica3\src\main\java\com\example\practica3\entity\CarritoLinea.java. Using fallback presentation compiler.
2026.04.23 13:14:25 WARN  no build target for: C:\Users\Felicia\Coding\Telematic programming\practica3\practica3\src\main\java\com\example\practica3\entity\CarritoLinea.java
2026.04.23 13:14:25 INFO  no build target found for C:\Users\Felicia\Coding\Telematic programming\practica3\practica3\src\main\java\com\example\practica3\entity\CarritoLinea.java. Using fallback presentation compiler.
2026.04.23 13:14:25 WARN  Running javac-semanticdb failed for file:///C:/Users/Felicia/Coding/Telematic%20programming/practica3/practica3/src/main/java/com/example/practica3/entity/CarritoLinea.java. Output:

2026.04.23 13:14:26 INFO  no build target found for C:\Users\Felicia\Coding\Telematic programming\practica3\practica3\src\main\java\com\example\practica3\entity\CarritoLinea.java. Using fallback presentation compiler.
2026.04.23 13:14:26 INFO  no build target found for C:\Users\Felicia\Coding\Telematic programming\practica3\practica3\src\main\java\com\example\practica3\entity\CarritoLinea.java. Using fallback presentation compiler.
2026.04.23 13:14:26 INFO  no build target found for C:\Users\Felicia\Coding\Telematic programming\practica3\practica3\src\main\java\com\example\practica3\entity\CarritoLinea.java. Using fallback presentation compiler.
apr. 23, 2026 1:14:27 EM org.eclipse.lsp4j.jsonrpc.RemoteEndpoint handleCancellation
WARNING: Unmatched cancel notification for request id 604
2026.04.23 13:14:27 INFO  no build target found for C:\Users\Felicia\Coding\Telematic programming\practica3\practica3\src\main\java\com\example\practica3\entity\CarritoLinea.java. Using fallback presentation compiler.
2026.04.23 13:14:28 INFO  no build target found for C:\Users\Felicia\Coding\Telematic programming\practica3\practica3\src\main\java\com\example\practica3\entity\CarritoLinea.java. Using fallback presentation compiler.
apr. 23, 2026 1:14:28 EM org.eclipse.lsp4j.jsonrpc.RemoteEndpoint handleCancellation
WARNING: Unmatched cancel notification for request id 612
2026.04.23 13:14:28 WARN  no build target for: C:\Users\Felicia\Coding\Telematic programming\practica3\practica3\src\main\java\com\example\practica3\entity\CarritoLinea.java
2026.04.23 13:14:28 INFO  no build target found for C:\Users\Felicia\Coding\Telematic programming\practica3\practica3\src\main\java\com\example\practica3\entity\CarritoLinea.java. Using fallback presentation compiler.
2026.04.23 13:14:28 WARN  Running javac-semanticdb failed for file:///C:/Users/Felicia/Coding/Telematic%20programming/practica3/practica3/src/main/java/com/example/practica3/entity/CarritoLinea.java. Output:

2026.04.23 13:14:28 INFO  no build target found for C:\Users\Felicia\Coding\Telematic programming\practica3\practica3\src\main\java\com\example\practica3\entity\CarritoLinea.java. Using fallback presentation compiler.
2026.04.23 13:14:28 INFO  Created report: Optional[file:///C:/Users/Felicia/Coding/Telematic%20programming/practica3/practica3/src/main/java/com/example/practica3/entity/CarritoLinea.java]
2026.04.23 13:14:28 INFO  QDox parse error in file:///C:/Users/Felicia/Coding/Telematic%20programming/practica3/practica3/src/main/java/com/example/practica3/entity/CarritoLinea.java (full report at: "C:\Users\Felicia\Coding\Telematic programming\practica3\.metals\.reports\metals-full\2026-04-23\r_qdox-error_13-14-28-228.md")
2026.04.23 13:14:28 INFO  no build target found for C:\Users\Felicia\Coding\Telematic programming\practica3\practica3\src\main\java\com\example\practica3\entity\CarritoLinea.java. Using fallback presentation compiler.
2026.04.23 13:14:29 INFO  no build target found for C:\Users\Felicia\Coding\Telematic programming\practica3\practica3\src\main\java\com\example\practica3\entity\CarritoLinea.java. Using fallback presentation compiler.
2026.04.23 13:14:29 INFO  no build target found for C:\Users\Felicia\Coding\Telematic programming\practica3\practica3\src\main\java\com\example\practica3\entity\CarritoLinea.java. Using fallback presentation compiler.
2026.04.23 13:14:29 INFO  no build target found for C:\Users\Felicia\Coding\Telematic programming\practica3\practica3\src\main\java\com\example\practica3\entity\CarritoLinea.java. Using fallback presentation compiler.
2026.04.23 13:14:29 INFO  no build target found for C:\Users\Felicia\Coding\Telematic programming\practica3\practica3\src\main\java\com\example\practica3\entity\CarritoLinea.java. Using fallback presentation compiler.
2026.04.23 13:14:30 INFO  no build target found for C:\Users\Felicia\Coding\Telematic programming\practica3\practica3\src\main\java\com\example\practica3\entity\CarritoLinea.java. Using fallback presentation compiler.
2026.04.23 13:14:30 INFO  no build target found for C:\Users\Felicia\Coding\Telematic programming\practica3\practica3\src\main\java\com\example\practica3\entity\CarritoLinea.java. Using fallback presentation compiler.
2026.04.23 13:14:30 INFO  no build target found for C:\Users\Felicia\Coding\Telematic programming\practica3\practica3\src\main\java\com\example\practica3\entity\CarritoLinea.java. Using fallback presentation compiler.
2026.04.23 13:14:30 INFO  no build target found for C:\Users\Felicia\Coding\Telematic programming\practica3\practica3\src\main\java\com\example\practica3\entity\CarritoLinea.java. Using fallback presentation compiler.
2026.04.23 13:14:31 INFO  no build target found for C:\Users\Felicia\Coding\Telematic programming\practica3\practica3\src\main\java\com\example\practica3\entity\CarritoLinea.java. Using fallback presentation compiler.
2026.04.23 13:14:31 INFO  no build target found for C:\Users\Felicia\Coding\Telematic programming\practica3\practica3\src\main\java\com\example\practica3\entity\CarritoLinea.java. Using fallback presentation compiler.
2026.04.23 13:14:31 INFO  no build target found for C:\Users\Felicia\Coding\Telematic programming\practica3\practica3\src\main\java\com\example\practica3\entity\CarritoLinea.java. Using fallback presentation compiler.
apr. 23, 2026 1:14:31 EM org.eclipse.lsp4j.jsonrpc.RemoteEndpoint handleCancellation
WARNING: Unmatched cancel notification for request id 633
2026.04.23 13:14:31 INFO  no build target found for C:\Users\Felicia\Coding\Telematic programming\practica3\practica3\src\main\java\com\example\practica3\entity\CarritoLinea.java. Using fallback presentation compiler.
2026.04.23 13:14:32 WARN  no build target for: C:\Users\Felicia\Coding\Telematic programming\practica3\practica3\src\main\java\com\example\practica3\entity\CarritoLinea.java
2026.04.23 13:14:32 INFO  no build target found for C:\Users\Felicia\Coding\Telematic programming\practica3\practica3\src\main\java\com\example\practica3\entity\CarritoLinea.java. Using fallback presentation compiler.
2026.04.23 13:14:32 WARN  Running javac-semanticdb failed for file:///C:/Users/Felicia/Coding/Telematic%20programming/practica3/practica3/src/main/java/com/example/practica3/entity/CarritoLinea.java. Output:

2026.04.23 13:14:40 INFO  no build target found for C:\Users\Felicia\Coding\Telematic programming\practica3\practica3\src\main\java\com\example\practica3\entity\CarritoLinea.java. Using fallback presentation compiler.
apr. 23, 2026 1:14:41 EM org.eclipse.lsp4j.jsonrpc.RemoteEndpoint handleCancellation
WARNING: Unmatched cancel notification for request id 638
2026.04.23 13:14:48 INFO  no build target found for C:\Users\Felicia\Coding\Telematic programming\practica3\practica3\src\main\java\com\example\practica3\entity\CarritoLinea.java. Using fallback presentation compiler.
2026.04.23 13:14:48 INFO  no build target found for C:\Users\Felicia\Coding\Telematic programming\practica3\practica3\src\main\java\com\example\practica3\entity\CarritoLinea.java. Using fallback presentation compiler.
2026.04.23 13:14:48 INFO  no build target found for C:\Users\Felicia\Coding\Telematic programming\practica3\practica3\src\main\java\com\example\practica3\entity\CarritoLinea.java. Using fallback presentation compiler.
apr. 23, 2026 1:14:48 EM org.eclipse.lsp4j.jsonrpc.RemoteEndpoint handleCancellation
WARNING: Unmatched cancel notification for request id 642
2026.04.23 13:14:48 INFO  no build target found for C:\Users\Felicia\Coding\Telematic programming\practica3\practica3\src\main\java\com\example\practica3\entity\CarritoLinea.java. Using fallback presentation compiler.
2026.04.23 13:14:48 INFO  no build target found for C:\Users\Felicia\Coding\Telematic programming\practica3\practica3\src\main\java\com\example\practica3\entity\CarritoLinea.java. Using fallback presentation compiler.
apr. 23, 2026 1:14:48 EM org.eclipse.lsp4j.jsonrpc.RemoteEndpoint handleCancellation
WARNING: Unmatched cancel notification for request id 646
apr. 23, 2026 1:14:48 EM org.eclipse.lsp4j.jsonrpc.RemoteEndpoint handleCancellation
WARNING: Unmatched cancel notification for request id 644
2026.04.23 13:14:48 INFO  no build target found for C:\Users\Felicia\Coding\Telematic programming\practica3\practica3\src\main\java\com\example\practica3\entity\CarritoLinea.java. Using fallback presentation compiler.
2026.04.23 13:14:48 INFO  no build target found for C:\Users\Felicia\Coding\Telematic programming\practica3\practica3\src\main\java\com\example\practica3\entity\CarritoLinea.java. Using fallback presentation compiler.
2026.04.23 13:14:49 INFO  no build target found for C:\Users\Felicia\Coding\Telematic programming\practica3\practica3\src\main\java\com\example\practica3\entity\CarritoLinea.java. Using fallback presentation compiler.
apr. 23, 2026 1:14:52 EM org.eclipse.lsp4j.jsonrpc.RemoteEndpoint handleCancellation
WARNING: Unmatched cancel notification for request id 648
2026.04.23 13:14:52 INFO  no build target found for C:\Users\Felicia\Coding\Telematic programming\practica3\practica3\src\main\java\com\example\practica3\entity\CarritoLinea.java. Using fallback presentation compiler.
2026.04.23 13:14:52 WARN  High memory usage detected: 99% (2027 MB / 2048 MB)
2026.04.23 13:15:10 INFO  no build target found for C:\Users\Felicia\Coding\Telematic programming\practica3\practica3\src\main\java\com\example\practica3\entity\CarritoLinea.java. Using fallback presentation compiler.
Exception in thread "pool-1-thread-208" java.lang.OutOfMemoryError: Java heap space
An exception has occurred in the compiler (17.0.12). Please file a bug against the Java compiler via the Java bug reporting page (https://bugreport.java.com) after checking the Bug Database (https://bugs.java.com) for duplicates. Include your program, the following diagnostic, and the parameters passed to the Java compiler in your report. Thank you.
java.lang.OutOfMemoryError: Java heap space
